<?xml version="1.0" encoding="UTF-8"?>
<testsuite name="handler.SessionCaptchaHandlerTest" tests="2" skipped="0" failures="0" errors="0" timestamp="2019-07-12T12:59:29" hostname="EPUAKHAW1858" time="0.01">
  <properties/>
  <testcase name="throwExceptionWhenFindCaptchaByIdInSessionBUtTimeOut" classname="handler.SessionCaptchaHandlerTest" time="0.009"/>
  <testcase name="getCaptchaByIdInSessionWhenCallGetCaptcha" classname="handler.SessionCaptchaHandlerTest" time="0.001"/>
  <system-out><![CDATA[]]></system-out>
  <system-err><![CDATA[]]></system-err>
</testsuite>
