<?xml version="1.0" encoding="UTF-8"?>
<testsuite name="controller.RegistrationControllerTest" tests="2" skipped="0" failures="0" errors="0" timestamp="2019-07-12T12:59:29" hostname="EPUAKHAW1858" time="0.407">
  <properties/>
  <testcase name="goToRegistrationPageIfUserExist" classname="controller.RegistrationControllerTest" time="0.404"/>
  <testcase name="goToMainPageIfUserNoExist" classname="controller.RegistrationControllerTest" time="0.003"/>
  <system-out><![CDATA[]]></system-out>
  <system-err><![CDATA[]]></system-err>
</testsuite>
