<?xml version="1.0" encoding="UTF-8"?>
<testsuite name="controller.RegistrationControllerControllerTest" tests="2" skipped="0" failures="0" errors="0" timestamp="2019-07-16T11:33:14" hostname="EPUAKHAW1858" time="0.485">
  <properties/>
  <testcase name="goToRegistrationPageIfUserExist" classname="controller.RegistrationControllerControllerTest" time="0.48"/>
  <testcase name="goToMainPageIfUserNoExist" classname="controller.RegistrationControllerControllerTest" time="0.004"/>
  <system-out><![CDATA[]]></system-out>
  <system-err><![CDATA[]]></system-err>
</testsuite>
