<?xml version="1.0" encoding="UTF-8"?>
<testsuite name="controller.RegistrationControllerTest" tests="2" skipped="0" failures="0" errors="0" timestamp="2019-07-11T19:50:43" hostname="DESKTOP-D16C456" time="0.758">
  <properties/>
  <testcase name="goToRegistrationPageIfUserExist" classname="controller.RegistrationControllerTest" time="0.754"/>
  <testcase name="goToMainPageIfUserNoExist" classname="controller.RegistrationControllerTest" time="0.003"/>
  <system-out><![CDATA[]]></system-out>
  <system-err><![CDATA[]]></system-err>
</testsuite>
