<?xml version="1.0" encoding="UTF-8"?>
<testsuite name="service.CaptchaServiceTest" tests="3" skipped="0" failures="0" errors="0" timestamp="2019-07-12T12:59:29" hostname="EPUAKHAW1858" time="0.01">
  <properties/>
  <testcase name="createCaptcha" classname="service.CaptchaServiceTest" time="0.007"/>
  <testcase name="checkCaptchaOnValidAndReturnFalseWhenCaptchaIsNotValid" classname="service.CaptchaServiceTest" time="0.002"/>
  <testcase name="checkCaptchaOnValidAndReturnTrueWhenCaptchaIsValid" classname="service.CaptchaServiceTest" time="0.0"/>
  <system-out><![CDATA[]]></system-out>
  <system-err><![CDATA[com.epam.exception.SessionTimeOutException
]]></system-err>
</testsuite>
