<?xml version="1.0" encoding="UTF-8"?>
<testsuite name="handler.CookieCaptchaHandlerTest" tests="2" skipped="0" failures="0" errors="0" timestamp="2019-07-13T11:59:32" hostname="DESKTOP-OAS52UQ" time="0.171">
  <properties/>
  <testcase name="getExceptionWhenFindCaptchaButTimedOut" classname="handler.CookieCaptchaHandlerTest" time="0.165"/>
  <testcase name="getCaptchaByOldestCookieValueWhenCallGetCaptcha" classname="handler.CookieCaptchaHandlerTest" time="0.005"/>
  <system-out><![CDATA[]]></system-out>
  <system-err><![CDATA[]]></system-err>
</testsuite>
