<?xml version="1.0" encoding="UTF-8"?>
<testsuite name="handler.SessionCaptchaHandlerTest" tests="2" skipped="0" failures="0" errors="0" timestamp="2019-07-13T11:59:32" hostname="DESKTOP-OAS52UQ" time="0.048">
  <properties/>
  <testcase name="throwExceptionWhenFindCaptchaByIdInSessionBUtTimeOut" classname="handler.SessionCaptchaHandlerTest" time="0.045"/>
  <testcase name="getCaptchaByIdInSessionWhenCallGetCaptcha" classname="handler.SessionCaptchaHandlerTest" time="0.003"/>
  <system-out><![CDATA[]]></system-out>
  <system-err><![CDATA[]]></system-err>
</testsuite>
