<?xml version="1.0" encoding="UTF-8"?>
<testsuite name="service.CaptchaServiceTest" tests="3" skipped="0" failures="0" errors="0" timestamp="2019-07-13T11:59:32" hostname="DESKTOP-OAS52UQ" time="0.043">
  <properties/>
  <testcase name="createCaptcha" classname="service.CaptchaServiceTest" time="0.025"/>
  <testcase name="checkCaptchaOnValidAndReturnFalseWhenCaptchaIsNotValid" classname="service.CaptchaServiceTest" time="0.013"/>
  <testcase name="checkCaptchaOnValidAndReturnTrueWhenCaptchaIsValid" classname="service.CaptchaServiceTest" time="0.003"/>
  <system-out><![CDATA[]]></system-out>
  <system-err><![CDATA[com.epam.exception.SessionTimeOutException
]]></system-err>
</testsuite>
