<?xml version="1.0" encoding="UTF-8"?>
<testsuite name="service.CaptchaServiceTest" tests="3" skipped="0" failures="0" errors="0" timestamp="2019-07-25T15:52:57" hostname="EPUAKHAW1858" time="0.009">
  <properties/>
  <testcase name="createCaptcha" classname="service.CaptchaServiceTest" time="0.005"/>
  <testcase name="checkCaptchaOnValidAndReturnFalseWhenCaptchaIsNotValid" classname="service.CaptchaServiceTest" time="0.003"/>
  <testcase name="checkCaptchaOnValidAndReturnTrueWhenCaptchaIsValid" classname="service.CaptchaServiceTest" time="0.001"/>
  <system-out><![CDATA[]]></system-out>
  <system-err><![CDATA[com.epam.exception.SessionTimeOutException
]]></system-err>
</testsuite>
