<?xml version="1.0" encoding="UTF-8"?>
<testsuite name="controller.RegistrationControllerTest" tests="2" skipped="0" failures="0" errors="0" timestamp="2019-07-11T12:34:00" hostname="EPUAKHAW1858" time="0.398">
  <properties/>
  <testcase name="goToRegistrationPageIfUserExist" classname="controller.RegistrationControllerTest" time="0.396"/>
  <testcase name="goToMainPageIfUserNoExist" classname="controller.RegistrationControllerTest" time="0.001"/>
  <system-out><![CDATA[]]></system-out>
  <system-err><![CDATA[]]></system-err>
</testsuite>
