<?xml version="1.0" encoding="UTF-8"?>
<testsuite name="handler.CookieCaptchaHandlerTest" tests="2" skipped="0" failures="0" errors="0" timestamp="2019-07-11T12:34:01" hostname="EPUAKHAW1858" time="0.032">
  <properties/>
  <testcase name="getExceptionWhenFindCaptchaButTimedOut" classname="handler.CookieCaptchaHandlerTest" time="0.031"/>
  <testcase name="getCaptchaByOldestCookieValueWhenCallGetCaptcha" classname="handler.CookieCaptchaHandlerTest" time="0.0"/>
  <system-out><![CDATA[]]></system-out>
  <system-err><![CDATA[]]></system-err>
</testsuite>
