<?xml version="1.0" encoding="UTF-8"?>
<testsuite name="controller.RegistrationControllerTest" tests="2" skipped="0" failures="0" errors="0" timestamp="2019-07-11T18:49:57" hostname="DESKTOP-D16C456" time="0.789">
  <properties/>
  <testcase name="goToRegistrationPageIfUserExist" classname="controller.RegistrationControllerTest" time="0.785"/>
  <testcase name="goToMainPageIfUserNoExist" classname="controller.RegistrationControllerTest" time="0.004"/>
  <system-out><![CDATA[]]></system-out>
  <system-err><![CDATA[]]></system-err>
</testsuite>
