<?xml version="1.0" encoding="UTF-8"?>
<testsuite name="handler.CookieCaptchaHandlerTest" tests="2" skipped="0" failures="0" errors="0" timestamp="2019-07-11T18:49:58" hostname="DESKTOP-D16C456" time="0.106">
  <properties/>
  <testcase name="getExceptionWhenFindCaptchaButTimedOut" classname="handler.CookieCaptchaHandlerTest" time="0.103"/>
  <testcase name="getCaptchaByOldestCookieValueWhenCallGetCaptcha" classname="handler.CookieCaptchaHandlerTest" time="0.002"/>
  <system-out><![CDATA[]]></system-out>
  <system-err><![CDATA[]]></system-err>
</testsuite>
